<?xml version="1.0" encoding="UTF-8"?>
<!-- Generated by org.testng.reporters.JUnitReportReporter -->
<testsuite skipped="1" hostname="neelimas-air.lan" name="org.dwivedi.listeners.ListenerTest" tests="2" failures="0" timestamp="2020-05-21T15:15:00 PDT" time="0.018" errors="0">
  <testcase name="testCase3" time="0.002" classname="org.dwivedi.listeners.ListenerTest">
    <skipped/>
  </testcase> <!-- testCase3 -->
  <system-out/>
  <testcase name="testCase1" time="0.016" classname="org.dwivedi.listeners.ListenerTest"/>
  <system-out/>
</testsuite> <!-- org.dwivedi.listeners.ListenerTest -->
