<?xml version="1.0" encoding="UTF-8"?>
<!-- Generated by org.testng.reporters.JUnitReportReporter -->
<testsuite skipped="0" hostname="neelimas-air.lan" name="org.dwivedi.dependsOn.DependsOnMethodsTestCase" tests="2" failures="0" timestamp="2020-05-21T15:15:00 PDT" time="0.014" errors="0">
  <testcase name="testcase_2" time="0.009" classname="org.dwivedi.dependsOn.DependsOnMethodsTestCase"/>
  <system-out/>
  <testcase name="testcase_1" time="0.005" classname="org.dwivedi.dependsOn.DependsOnMethodsTestCase"/>
  <system-out/>
</testsuite> <!-- org.dwivedi.dependsOn.DependsOnMethodsTestCase -->
