<?xml version="1.0" encoding="UTF-8"?>
<!-- Generated by org.testng.reporters.JUnitReportReporter -->
<testsuite skipped="1" hostname="neelimas-air.lan" name="org.dwivedi.testng.SkipExceptionTest" tests="2" failures="0" timestamp="2020-05-21T15:15:00 PDT" time="0.001" errors="0">
  <testcase name="skipTest" time="0.000" classname="org.dwivedi.testng.SkipExceptionTest">
    <skipped/>
  </testcase> <!-- skipTest -->
  <system-out/>
  <testcase name="nonSkipTest" time="0.001" classname="org.dwivedi.testng.SkipExceptionTest"/>
  <system-out/>
</testsuite> <!-- org.dwivedi.testng.SkipExceptionTest -->
